c:\users\ryanv\onedrive\desktop\2023\2ndsem\gd1p04\assignment3\assignment3\x64\release\vc143.pdb
c:\users\ryanv\onedrive\desktop\2023\2ndsem\gd1p04\assignment3\assignment3\x64\release\triangle.obj
c:\users\ryanv\onedrive\desktop\2023\2ndsem\gd1p04\assignment3\assignment3\x64\release\textureloader.obj
c:\users\ryanv\onedrive\desktop\2023\2ndsem\gd1p04\assignment3\assignment3\x64\release\sphere.obj
c:\users\ryanv\onedrive\desktop\2023\2ndsem\gd1p04\assignment3\assignment3\x64\release\skybox.obj
c:\users\ryanv\onedrive\desktop\2023\2ndsem\gd1p04\assignment3\assignment3\x64\release\shader.obj
c:\users\ryanv\onedrive\desktop\2023\2ndsem\gd1p04\assignment3\assignment3\x64\release\pointlight.obj
c:\users\ryanv\onedrive\desktop\2023\2ndsem\gd1p04\assignment3\assignment3\x64\release\main.obj
c:\users\ryanv\onedrive\desktop\2023\2ndsem\gd1p04\assignment3\assignment3\x64\release\lightmanager.obj
c:\users\ryanv\onedrive\desktop\2023\2ndsem\gd1p04\assignment3\assignment3\x64\release\light.obj
c:\users\ryanv\onedrive\desktop\2023\2ndsem\gd1p04\assignment3\assignment3\x64\release\cube.obj
c:\users\ryanv\onedrive\desktop\2023\2ndsem\gd1p04\assignment3\assignment3\x64\release\camera.obj
c:\users\ryanv\onedrive\desktop\2023\2ndsem\gd1p04\assignment3\x64\release\assignment3.exe
c:\users\ryanv\onedrive\desktop\2023\2ndsem\gd1p04\assignment3\assignment3\x64\release\assignment3.ipdb
c:\users\ryanv\onedrive\desktop\2023\2ndsem\gd1p04\assignment3\x64\release\assignment3.pdb
c:\users\ryanv\onedrive\desktop\2023\2ndsem\gd1p04\assignment3\assignment3\x64\release\assignment3.iobj
c:\users\ryanv\onedrive\desktop\2023\2ndsem\gd1p04\assignment3\assignment3\x64\release\assignment3.tlog\cl.command.1.tlog
c:\users\ryanv\onedrive\desktop\2023\2ndsem\gd1p04\assignment3\assignment3\x64\release\assignment3.tlog\cl.items.tlog
c:\users\ryanv\onedrive\desktop\2023\2ndsem\gd1p04\assignment3\assignment3\x64\release\assignment3.tlog\cl.read.1.tlog
c:\users\ryanv\onedrive\desktop\2023\2ndsem\gd1p04\assignment3\assignment3\x64\release\assignment3.tlog\cl.write.1.tlog
c:\users\ryanv\onedrive\desktop\2023\2ndsem\gd1p04\assignment3\assignment3\x64\release\assignment3.tlog\link.command.1.tlog
c:\users\ryanv\onedrive\desktop\2023\2ndsem\gd1p04\assignment3\assignment3\x64\release\assignment3.tlog\link.read.1.tlog
c:\users\ryanv\onedrive\desktop\2023\2ndsem\gd1p04\assignment3\assignment3\x64\release\assignment3.tlog\link.write.1.tlog
